* using log directory ‘/home/krystiai/projects/os/DataFakeR/check/DataFakeR.Rcheck’
* using R version 4.0.0 (2020-04-24)
* using platform: x86_64-pc-linux-gnu (64-bit)
* using session charset: UTF-8
* using options ‘--no-manual --as-cran’
* checking for file ‘DataFakeR/DESCRIPTION’ ... OK
* checking extension type ... Package
* this is package ‘DataFakeR’ version ‘0.1.2’
* package encoding: UTF-8
* checking CRAN incoming feasibility ... NOTE
Maintainer: ‘Krystian Igras <krystian8207@gmail.com>’

New submission

Found the following (possibly) invalid URLs:
  URL: https://github.com/openapharma/DataFakeR/issues
    From: inst/doc/main.html
          README.md
    Status: 404
    Message: Not Found
  URL: https://github.com/openpharma/DataFakeR/projects/1
    From: inst/doc/main.html
    Status: 404
    Message: Not Found
* checking package namespace information ... OK
* checking package dependencies ... OK
* checking if this is a source package ... OK
* checking if there is a namespace ... OK
* checking for executable files ... OK
* checking for hidden files and directories ... OK
* checking for portable file names ... OK
* checking for sufficient/correct file permissions ... OK
* checking serialization versions ... OK
* checking whether package ‘DataFakeR’ can be installed ... OK
* checking installed package size ... OK
* checking package directory ... OK
* checking for future file timestamps ... OK
* checking ‘build’ directory ... OK
* checking DESCRIPTION meta-information ... OK
* checking top-level files ... OK
* checking for left-over files ... OK
* checking index information ... OK
* checking package subdirectories ... OK
* checking R files for non-ASCII characters ... OK
* checking R files for syntax errors ... OK
* checking whether the package can be loaded ... OK
* checking whether the package can be loaded with stated dependencies ... OK
* checking whether the package can be unloaded cleanly ... OK
* checking whether the namespace can be loaded with stated dependencies ... OK
* checking whether the namespace can be unloaded cleanly ... OK
* checking loading without being on the library search path ... OK
* checking use of S3 registration ... OK
* checking dependencies in R code ... OK
* checking S3 generic/method consistency ... OK
* checking replacement functions ... OK
* checking foreign function calls ... OK
* checking R code for possible problems ... NOTE
fake_column: no visible binding for global variable ‘val’
generate_deterministic: no visible binding for global variable ‘val’
get_column_conf: no visible binding for global variable
  ‘constraint_type’
get_schema_conf: no visible binding for global variable ‘table_name’
get_schema_constraints.list: no visible binding for global variable
  ‘constraint_type’
get_schema_constraints.PostgresConnection: no visible binding for
  global variable ‘unique_constraint_name’
get_schema_constraints.PostgresConnection: no visible binding for
  global variable ‘table_name’
get_schema_constraints.PostgresConnection: no visible binding for
  global variable ‘column_name’
get_schema_constraints.RedshiftConnection: no visible binding for
  global variable ‘unique_constraint_name’
get_schema_constraints.RedshiftConnection: no visible binding for
  global variable ‘table_name’
get_schema_constraints.RedshiftConnection: no visible binding for
  global variable ‘column_name’
get_schema_constraints.RPostgreSQLConnection: no visible binding for
  global variable ‘unique_constraint_name’
get_schema_constraints.RPostgreSQLConnection: no visible binding for
  global variable ‘table_name’
get_schema_constraints.RPostgreSQLConnection: no visible binding for
  global variable ‘column_name’
get_simulated_tbl: no visible binding for global variable ‘name’
get_table_conf: no visible binding for global variable
  ‘constraint_type’
get_table_conf: no visible binding for global variable ‘column_name’
nodes_order: no visible binding for global variable ‘.’
nodes_order: no visible binding for global variable ‘from’
nodes_order: no visible binding for global variable ‘to’
pull_column_nchar.PostgresConnection: no visible binding for global
  variable ‘nchars’
pull_column_nchar.RedshiftConnection: no visible binding for global
  variable ‘nchars’
pull_column_nchar.RPostgreSQLConnection: no visible binding for global
  variable ‘nchars’
pull_column_values.PostgresConnection: no visible binding for global
  variable ‘vals’
pull_column_values.RedshiftConnection: no visible binding for global
  variable ‘vals’
pull_column_values.RPostgreSQLConnection: no visible binding for global
  variable ‘vals’
schema_to_graph: no visible binding for global variable ‘name’
simul_spec_date_distr: no visible global function definition for ‘glue’
simul_spec_integer_distr: no visible global function definition for
  ‘glue’
simul_spec_logical_distr: no visible global function definition for
  ‘glue’
simul_spec_numeric_distr: no visible global function definition for
  ‘glue’
Undefined global functions or variables:
  . column_name constraint_type from glue name nchars table_name to
  unique_constraint_name val vals
* checking Rd files ... OK
* checking Rd metadata ... OK
* checking Rd line widths ... OK
* checking Rd cross-references ... OK
* checking for missing documentation entries ... OK
* checking for code/documentation mismatches ... OK
* checking Rd \usage sections ... WARNING
Undocumented arguments in documentation object 'default_simulation_params'
  ‘na_ratio’ ‘levels_ratio’

Undocumented arguments in documentation object 'number_of_rows'
  ‘n’ ‘force’ ‘ratio’ ‘total’

Undocumented arguments in documentation object 'sample_modifiers'
  ‘sample_vec’

Undocumented arguments in documentation object 'schema_source'
  ‘source’
Documented arguments not in \usage in documentation object 'schema_source':
  ‘db_conn’

Undocumented arguments in documentation object 'simulation_methods_date'
  ‘nchar’

Undocumented arguments in documentation object 'sourcing_metadata'
  ‘na_ratio’ ‘levels_ratio’

Functions with \usage entries need to have the appropriate \alias
entries, and all their arguments documented.
The \usage entries must correspond to syntactically valid R code.
See chapter ‘Writing R documentation files’ in the ‘Writing R
Extensions’ manual.
* checking Rd contents ... OK
* checking for unstated dependencies in examples ... OK
 WARNING
‘qpdf’ is needed for checks on size reduction of PDFs
* checking installed files from ‘inst/doc’ ... OK
* checking files in ‘vignettes’ ... OK
* checking examples ... ERROR
Running examples in ‘DataFakeR-Ex.R’ failed
The error most likely occurred in:

> base::assign(".ptime", proc.time(), pos = "CheckExEnv")
> ### Name: sample_modifiers
> ### Title: Modify sample with desired condition
> ### Aliases: sample_modifiers unique_sample na_rand levels_rand
> 
> ### ** Examples
> 
> 
> unique_sample(rnorm(n, mean = my_mean), n = 10, my_mean = 2)
 [1] 1.373546 2.183643 1.164371 3.595281 2.329508 1.179532 2.487429 2.738325
 [9] 2.575781 1.694612
> unique_sample(sample(values, size, replace = TRUE), size = 10, values = 1:10, n_name = "size")
 [1]  9  5  1  4  3  6 10  2  8  7
> 
> ## Not run:
> ## In 10 iteration it was not possible to simulate 6 unique values from the vector 1:5
> unique_sample(sample(values, size, replace = TRUE), size = 6, values = 1:5, n_name = "size")
Error in unique_sample(sample(values, size, replace = TRUE), size = 6,  : 
  It wasn't possible to generate the unique sample. Please make sure sampling configuration is correct.
Execution halted
* checking for unstated dependencies in ‘tests’ ... OK
* checking tests ... OK
  Running ‘testthat.R’
* checking for unstated dependencies in vignettes ... OK
* checking package vignettes in ‘inst/doc’ ... OK
* checking re-building of vignette outputs ... WARNING
Error(s) in re-building vignettes:
--- re-building ‘datafaker_workflow.Rmd’ using rmarkdown
--- finished re-building ‘datafaker_workflow.Rmd’

--- re-building ‘extra_parameters.Rmd’ using rmarkdown
--- finished re-building ‘extra_parameters.Rmd’

--- re-building ‘main.Rmd’ using rmarkdown
--- finished re-building ‘main.Rmd’

--- re-building ‘schema_structure.Rmd’ using rmarkdown
--- finished re-building ‘schema_structure.Rmd’

--- re-building ‘simulation_methods.Rmd’ using rmarkdown
Quitting from lines 77-81 (simulation_methods.Rmd) 
Error: processing vignette 'simulation_methods.Rmd' failed with diagnostics:
cannot open the connection
--- failed re-building ‘simulation_methods.Rmd’

--- re-building ‘simulation_options.Rmd’ using rmarkdown
--- finished re-building ‘simulation_options.Rmd’

--- re-building ‘structure_from_db.Rmd’ using rmarkdown
--- finished re-building ‘structure_from_db.Rmd’

SUMMARY: processing the following file failed:
  ‘simulation_methods.Rmd’

Error: Vignette re-building failed.
Execution halted

* checking for non-standard things in the check directory ... OK
* checking for detritus in the temp directory ... OK
* DONE
Status: 1 ERROR, 3 WARNINGs, 2 NOTEs
